#
# There is insufficient memory for the Java Runtime Environment to continue.
# Native memory allocation (mmap) failed to map 65536 bytes for Failed to commit metaspace.
# Possible reasons:
#   The system is out of physical RAM or swap space
#   The process is running with CompressedOops enabled, and the Java Heap may be blocking the growth of the native heap
# Possible solutions:
#   Reduce memory load on the system
#   Increase physical memory or swap space
#   Check if swap backing store is full
#   Decrease Java heap size (-Xmx/-Xms)
#   Decrease number of Java threads
#   Decrease Java thread stack sizes (-Xss)
#   Set larger code cache with -XX:ReservedCodeCacheSize=
#   JVM is running with Unscaled Compressed Oops mode in which the Java heap is
#     placed in the first 4GB address space. The Java Heap base address is the
#     maximum limit for the native heap growth. Please use -XX:HeapBaseMinAddress
#     to set the Java Heap base and to place the Java Heap above 4GB virtual address.
# This output file may be truncated or incomplete.
#
#  Out of Memory Error (virtualSpaceNode.cpp:110), pid=14576, tid=16824
#
# JRE version: Java(TM) SE Runtime Environment (17.0.12+8) (build 17.0.12+8-LTS-286)
# Java VM: Java HotSpot(TM) 64-Bit Server VM (17.0.12+8-LTS-286, mixed mode, emulated-client, sharing, tiered, compressed oops, compressed class ptrs, g1 gc, windows-amd64)
# No core dump will be written. Minidumps are not enabled by default on client versions of Windows
#

---------------  S U M M A R Y ------------

Command Line: -XX:TieredStopAtLevel=1 -Dspring.output.ansi.enabled=always -Dcom.sun.management.jmxremote -Dspring.jmx.enabled=true -Dspring.liveBeansView.mbeanDomain -Dspring.application.admin.enabled=true -Dmanagement.endpoints.jmx.exposure.include=* -javaagent:C:\IntelliJ IDEA 2024.2.1\lib\idea_rt.jar=55169:C:\IntelliJ IDEA 2024.2.1\bin -Dfile.encoding=UTF-8 com.codewithmosh.store.StoreApplication

Host: Intel(R) Core(TM) i5-10300H CPU @ 2.50GHz, 8 cores, 7G,  Windows 10 , 64 bit Build 19041 (10.0.19041.5915)
Time: Wed Jul 16 00:55:41 2025 Romance Standard Time elapsed time: 11.430041 seconds (0d 0h 0m 11s)

---------------  T H R E A D  ---------------

Current thread (0x000001cf08a9d300):  JavaThread "http-nio-8080-exec-2" daemon [_thread_in_vm, id=16824, stack(0x00000053a1700000,0x00000053a1800000)]

Stack: [0x00000053a1700000,0x00000053a1800000]
Native frames: (J=compiled Java code, j=interpreted, Vv=VM code, C=native code)
V  [jvm.dll+0x67a04a]
V  [jvm.dll+0x7da4ed]
V  [jvm.dll+0x7dbe33]
V  [jvm.dll+0x7dc4a3]
V  [jvm.dll+0x24508f]
V  [jvm.dll+0x7d60bb]
V  [jvm.dll+0x6206c6]
V  [jvm.dll+0x1bed07]
V  [jvm.dll+0x623022]
V  [jvm.dll+0x621086]
V  [jvm.dll+0x2429bc]
V  [jvm.dll+0x6d0a9d]
V  [jvm.dll+0x6d146f]
V  [jvm.dll+0x36e355]
V  [jvm.dll+0x36d404]
V  [jvm.dll+0x36d3a8]
V  [jvm.dll+0x37d0ca]
C  0x000001ceb68c98b0

Java frames: (J=compiled Java code, j=interpreted, Vv=VM code)
j  org.hibernate.internal.AbstractSharedSessionContract.createCriteriaQuery(Lorg/hibernate/query/sqm/tree/SqmStatement;Ljava/lang/Class;)Lorg/hibernate/query/spi/QueryImplementor;+0
j  org.hibernate.internal.AbstractSharedSessionContract.createQuery(Ljakarta/persistence/criteria/CriteriaQuery;)Lorg/hibernate/query/spi/QueryImplementor;+105
j  org.hibernate.internal.AbstractSharedSessionContract.createQuery(Ljakarta/persistence/criteria/CriteriaQuery;)Lorg/hibernate/query/Query;+2
v  ~StubRoutines::call_stub
J 4325  jdk.internal.reflect.NativeMethodAccessorImpl.invoke0(Ljava/lang/reflect/Method;Ljava/lang/Object;[Ljava/lang/Object;)Ljava/lang/Object; java.base@17.0.12 (0 bytes) @ 0x000001ceb7210227 [0x000001ceb72101a0+0x0000000000000087]
J 4324 c1 jdk.internal.reflect.NativeMethodAccessorImpl.invoke(Ljava/lang/Object;[Ljava/lang/Object;)Ljava/lang/Object; java.base@17.0.12 (137 bytes) @ 0x000001ceb7211014 [0x000001ceb7210d00+0x0000000000000314]
J 3805 c1 jdk.internal.reflect.DelegatingMethodAccessorImpl.invoke(Ljava/lang/Object;[Ljava/lang/Object;)Ljava/lang/Object; java.base@17.0.12 (10 bytes) @ 0x000001ceb7132764 [0x000001ceb7132720+0x0000000000000044]
J 3896 c1 java.lang.reflect.Method.invoke(Ljava/lang/Object;[Ljava/lang/Object;)Ljava/lang/Object; java.base@17.0.12 (65 bytes) @ 0x000001ceb7156fe4 [0x000001ceb7156ee0+0x0000000000000104]
j  org.springframework.orm.jpa.ExtendedEntityManagerCreator$ExtendedEntityManagerInvocationHandler.invoke(Ljava/lang/Object;Ljava/lang/reflect/Method;[Ljava/lang/Object;)Ljava/lang/Object;+480
j  jdk.proxy2.$Proxy125.createQuery(Ljakarta/persistence/criteria/CriteriaQuery;)Lorg/hibernate/query/Query;+16 jdk.proxy2
v  ~StubRoutines::call_stub
J 4325  jdk.internal.reflect.NativeMethodAccessorImpl.invoke0(Ljava/lang/reflect/Method;Ljava/lang/Object;[Ljava/lang/Object;)Ljava/lang/Object; java.base@17.0.12 (0 bytes) @ 0x000001ceb7210227 [0x000001ceb72101a0+0x0000000000000087]
J 4324 c1 jdk.internal.reflect.NativeMethodAccessorImpl.invoke(Ljava/lang/Object;[Ljava/lang/Object;)Ljava/lang/Object; java.base@17.0.12 (137 bytes) @ 0x000001ceb7211014 [0x000001ceb7210d00+0x0000000000000314]
J 3805 c1 jdk.internal.reflect.DelegatingMethodAccessorImpl.invoke(Ljava/lang/Object;[Ljava/lang/Object;)Ljava/lang/Object; java.base@17.0.12 (10 bytes) @ 0x000001ceb7132764 [0x000001ceb7132720+0x0000000000000044]
J 3896 c1 java.lang.reflect.Method.invoke(Ljava/lang/Object;[Ljava/lang/Object;)Ljava/lang/Object; java.base@17.0.12 (65 bytes) @ 0x000001ceb7156fe4 [0x000001ceb7156ee0+0x0000000000000104]
j  org.springframework.orm.jpa.SharedEntityManagerCreator$SharedEntityManagerInvocationHandler.invoke(Ljava/lang/Object;Ljava/lang/reflect/Method;[Ljava/lang/Object;)Ljava/lang/Object;+727
j  jdk.proxy2.$Proxy125.createQuery(Ljakarta/persistence/criteria/CriteriaQuery;)Ljakarta/persistence/TypedQuery;+16 jdk.proxy2
j  org.springframework.data.jpa.repository.support.SimpleJpaRepository.getQuery(Lorg/springframework/data/jpa/domain/Specification;Ljava/lang/Class;Lorg/springframework/data/domain/Sort;)Ljakarta/persistence/TypedQuery;+71
j  org.springframework.data.jpa.repository.support.SimpleJpaRepository.getQuery(Lorg/springframework/data/jpa/domain/Specification;Lorg/springframework/data/domain/Sort;)Ljakarta/persistence/TypedQuery;+7
j  org.springframework.data.jpa.repository.support.SimpleJpaRepository.findAll()Ljava/util/List;+5
v  ~StubRoutines::call_stub
J 4325  jdk.internal.reflect.NativeMethodAccessorImpl.invoke0(Ljava/lang/reflect/Method;Ljava/lang/Object;[Ljava/lang/Object;)Ljava/lang/Object; java.base@17.0.12 (0 bytes) @ 0x000001ceb7210227 [0x000001ceb72101a0+0x0000000000000087]
J 4324 c1 jdk.internal.reflect.NativeMethodAccessorImpl.invoke(Ljava/lang/Object;[Ljava/lang/Object;)Ljava/lang/Object; java.base@17.0.12 (137 bytes) @ 0x000001ceb7211014 [0x000001ceb7210d00+0x0000000000000314]
J 3805 c1 jdk.internal.reflect.DelegatingMethodAccessorImpl.invoke(Ljava/lang/Object;[Ljava/lang/Object;)Ljava/lang/Object; java.base@17.0.12 (10 bytes) @ 0x000001ceb7132764 [0x000001ceb7132720+0x0000000000000044]
J 3896 c1 java.lang.reflect.Method.invoke(Ljava/lang/Object;[Ljava/lang/Object;)Ljava/lang/Object; java.base@17.0.12 (65 bytes) @ 0x000001ceb7156fe4 [0x000001ceb7156ee0+0x0000000000000104]
j  org.springframework.aop.support.AopUtils.invokeJoinpointUsingReflection(Ljava/lang/Object;Ljava/lang/reflect/Method;[Ljava/lang/Object;)Ljava/lang/Object;+34
j  org.springframework.data.repository.core.support.RepositoryMethodInvoker$RepositoryFragmentMethodInvoker.lambda$new$0(Lorg/springframework/data/repository/core/support/RepositoryMethodInvoker$RepositoryFragmentMethodInvoker$CoroutineAdapterInformation;Ljava/lang/Object;Ljava/lang/reflect/Method;[Ljava/lang/Object;)Ljava/lang/Object;+38
j  org.springframework.data.repository.core.support.RepositoryMethodInvoker$RepositoryFragmentMethodInvoker$$Lambda$1630+0x000001cec29d3878.invoke([Ljava/lang/Object;)Ljava/lang/Object;+13
j  org.springframework.data.repository.core.support.RepositoryMethodInvoker.doInvoke(Ljava/lang/Class;Lorg/springframework/data/repository/core/support/RepositoryInvocationMulticaster;[Ljava/lang/Object;)Ljava/lang/Object;+11
j  org.springframework.data.repository.core.support.RepositoryMethodInvoker.invoke(Ljava/lang/Class;Lorg/springframework/data/repository/core/support/RepositoryInvocationMulticaster;[Ljava/lang/Object;)Ljava/lang/Object;+4
j  org.springframework.data.repository.core.support.RepositoryComposition$RepositoryFragments.invoke(Ljava/lang/Class;Lorg/springframework/data/repository/core/support/RepositoryInvocationMulticaster;Ljava/lang/reflect/Method;Ljava/lang/reflect/Method;[Ljava/lang/Object;)Ljava/lang/Object;+113
j  org.springframework.data.repository.core.support.RepositoryComposition.invoke(Lorg/springframework/data/repository/core/support/RepositoryInvocationMulticaster;Ljava/lang/reflect/Method;[Ljava/lang/Object;)Ljava/lang/Object;+84
j  org.springframework.data.repository.core.support.RepositoryFactorySupport$ImplementationMethodExecutionInterceptor.invoke(Lorg/aopalliance/intercept/MethodInvocation;)Ljava/lang/Object;+24
j  org.springframework.aop.framework.ReflectiveMethodInvocation.proceed()Ljava/lang/Object;+120
j  org.springframework.data.repository.core.support.QueryExecutorMethodInterceptor.doInvoke(Lorg/aopalliance/intercept/MethodInvocation;)Ljava/lang/Object;+88
j  org.springframework.data.repository.core.support.QueryExecutorMethodInterceptor.invoke(Lorg/aopalliance/intercept/MethodInvocation;)Ljava/lang/Object;+46
j  org.springframework.aop.framework.ReflectiveMethodInvocation.proceed()Ljava/lang/Object;+120
j  org.springframework.data.projection.DefaultMethodInvokingMethodInterceptor.invoke(Lorg/aopalliance/intercept/MethodInvocation;)Ljava/lang/Object;+15
j  org.springframework.aop.framework.ReflectiveMethodInvocation.proceed()Ljava/lang/Object;+120
j  org.springframework.transaction.interceptor.TransactionInterceptor$$Lambda$1621+0x000001cec29d0000.proceedWithInvocation()Ljava/lang/Object;+4
j  org.springframework.transaction.interceptor.TransactionAspectSupport.invokeWithinTransaction(Ljava/lang/reflect/Method;Ljava/lang/Class;Lorg/springframework/transaction/interceptor/TransactionAspectSupport$InvocationCallback;)Ljava/lang/Object;+193
j  org.springframework.transaction.interceptor.TransactionInterceptor.invoke(Lorg/aopalliance/intercept/MethodInvocation;)Ljava/lang/Object;+42
j  org.springframework.aop.framework.ReflectiveMethodInvocation.proceed()Ljava/lang/Object;+120
j  org.springframework.dao.support.PersistenceExceptionTranslationInterceptor.invoke(Lorg/aopalliance/intercept/MethodInvocation;)Ljava/lang/Object;+1
j  org.springframework.aop.framework.ReflectiveMethodInvocation.proceed()Ljava/lang/Object;+120
j  org.springframework.data.jpa.repository.support.CrudMethodMetadataPostProcessor$CrudMethodMetadataPopulatingMethodInterceptor.invoke(Lorg/aopalliance/intercept/MethodInvocation;)Ljava/lang/Object;+139
j  org.springframework.aop.framework.ReflectiveMethodInvocation.proceed()Ljava/lang/Object;+120
j  org.springframework.aop.framework.JdkDynamicAopProxy.invoke(Ljava/lang/Object;Ljava/lang/reflect/Method;[Ljava/lang/Object;)Ljava/lang/Object;+392
j  jdk.proxy2.$Proxy128.findAll()Ljava/util/List;+9 jdk.proxy2
j  com.codewithmosh.store.controllers.UserController.getAllUsers()Ljava/lang/Iterable;+4
v  ~StubRoutines::call_stub
J 4325  jdk.internal.reflect.NativeMethodAccessorImpl.invoke0(Ljava/lang/reflect/Method;Ljava/lang/Object;[Ljava/lang/Object;)Ljava/lang/Object; java.base@17.0.12 (0 bytes) @ 0x000001ceb7210227 [0x000001ceb72101a0+0x0000000000000087]
J 4324 c1 jdk.internal.reflect.NativeMethodAccessorImpl.invoke(Ljava/lang/Object;[Ljava/lang/Object;)Ljava/lang/Object; java.base@17.0.12 (137 bytes) @ 0x000001ceb7211014 [0x000001ceb7210d00+0x0000000000000314]
J 3805 c1 jdk.internal.reflect.DelegatingMethodAccessorImpl.invoke(Ljava/lang/Object;[Ljava/lang/Object;)Ljava/lang/Object; java.base@17.0.12 (10 bytes) @ 0x000001ceb7132764 [0x000001ceb7132720+0x0000000000000044]
J 3896 c1 java.lang.reflect.Method.invoke(Ljava/lang/Object;[Ljava/lang/Object;)Ljava/lang/Object; java.base@17.0.12 (65 bytes) @ 0x000001ceb7156fe4 [0x000001ceb7156ee0+0x0000000000000104]
j  org.springframework.web.method.support.InvocableHandlerMethod.doInvoke([Ljava/lang/Object;)Ljava/lang/Object;+55
j  org.springframework.web.method.support.InvocableHandlerMethod.invokeForRequest(Lorg/springframework/web/context/request/NativeWebRequest;Lorg/springframework/web/method/support/ModelAndViewContainer;[Ljava/lang/Object;)Ljava/lang/Object;+82
j  org.springframework.web.servlet.mvc.method.annotation.ServletInvocableHandlerMethod.invokeAndHandle(Lorg/springframework/web/context/request/ServletWebRequest;Lorg/springframework/web/method/support/ModelAndViewContainer;[Ljava/lang/Object;)V+4
j  org.springframework.web.servlet.mvc.method.annotation.RequestMappingHandlerAdapter.invokeHandlerMethod(Ljakarta/servlet/http/HttpServletRequest;Ljakarta/servlet/http/HttpServletResponse;Lorg/springframework/web/method/HandlerMethod;)Lorg/springframework/web/servlet/ModelAndView;+309
j  org.springframework.web.servlet.mvc.method.annotation.RequestMappingHandlerAdapter.handleInternal(Ljakarta/servlet/http/HttpServletRequest;Ljakarta/servlet/http/HttpServletResponse;Lorg/springframework/web/method/HandlerMethod;)Lorg/springframework/web/servlet/ModelAndView;+81
j  org.springframework.web.servlet.mvc.method.AbstractHandlerMethodAdapter.handle(Ljakarta/servlet/http/HttpServletRequest;Ljakarta/servlet/http/HttpServletResponse;Ljava/lang/Object;)Lorg/springframework/web/servlet/ModelAndView;+7
j  org.springframework.web.servlet.DispatcherServlet.doDispatch(Ljakarta/servlet/http/HttpServletRequest;Ljakarta/servlet/http/HttpServletResponse;)V+304
j  org.springframework.web.servlet.DispatcherServlet.doService(Ljakarta/servlet/http/HttpServletRequest;Ljakarta/servlet/http/HttpServletResponse;)V+242
j  org.springframework.web.servlet.FrameworkServlet.processRequest(Ljakarta/servlet/http/HttpServletRequest;Ljakarta/servlet/http/HttpServletResponse;)V+70
j  org.springframework.web.servlet.FrameworkServlet.doGet(Ljakarta/servlet/http/HttpServletRequest;Ljakarta/servlet/http/HttpServletResponse;)V+3
j  jakarta.servlet.http.HttpServlet.service(Ljakarta/servlet/http/HttpServletRequest;Ljakarta/servlet/http/HttpServletResponse;)V+35
j  org.springframework.web.servlet.FrameworkServlet.service(Ljakarta/servlet/http/HttpServletRequest;Ljakarta/servlet/http/HttpServletResponse;)V+20
j  jakarta.servlet.http.HttpServlet.service(Ljakarta/servlet/ServletRequest;Ljakarta/servlet/ServletResponse;)V+37
j  org.apache.catalina.core.ApplicationFilterChain.internalDoFilter(Ljakarta/servlet/ServletRequest;Ljakarta/servlet/ServletResponse;)V+300
j  org.apache.catalina.core.ApplicationFilterChain.doFilter(Ljakarta/servlet/ServletRequest;Ljakarta/servlet/ServletResponse;)V+99
j  org.apache.tomcat.websocket.server.WsFilter.doFilter(Ljakarta/servlet/ServletRequest;Ljakarta/servlet/ServletResponse;Ljakarta/servlet/FilterChain;)V+21
j  org.apache.catalina.core.ApplicationFilterChain.internalDoFilter(Ljakarta/servlet/ServletRequest;Ljakarta/servlet/ServletResponse;)V+130
j  org.apache.catalina.core.ApplicationFilterChain.doFilter(Ljakarta/servlet/ServletRequest;Ljakarta/servlet/ServletResponse;)V+99
j  org.springframework.web.filter.RequestContextFilter.doFilterInternal(Ljakarta/servlet/http/HttpServletRequest;Ljakarta/servlet/http/HttpServletResponse;Ljakarta/servlet/FilterChain;)V+21
j  org.springframework.web.filter.OncePerRequestFilter.doFilter(Ljakarta/servlet/ServletRequest;Ljakarta/servlet/ServletResponse;Ljakarta/servlet/FilterChain;)V+150
j  org.apache.catalina.core.ApplicationFilterChain.internalDoFilter(Ljakarta/servlet/ServletRequest;Ljakarta/servlet/ServletResponse;)V+130
j  org.apache.catalina.core.ApplicationFilterChain.doFilter(Ljakarta/servlet/ServletRequest;Ljakarta/servlet/ServletResponse;)V+99
j  org.springframework.web.filter.FormContentFilter.doFilterInternal(Ljakarta/servlet/http/HttpServletRequest;Ljakarta/servlet/http/HttpServletResponse;Ljakarta/servlet/FilterChain;)V+38
j  org.springframework.web.filter.OncePerRequestFilter.doFilter(Ljakarta/servlet/ServletRequest;Ljakarta/servlet/ServletResponse;Ljakarta/servlet/FilterChain;)V+150
j  org.apache.catalina.core.ApplicationFilterChain.internalDoFilter(Ljakarta/servlet/ServletRequest;Ljakarta/servlet/ServletResponse;)V+130
j  org.apache.catalina.core.ApplicationFilterChain.doFilter(Ljakarta/servlet/ServletRequest;Ljakarta/servlet/ServletResponse;)V+99
j  org.springframework.web.filter.CharacterEncodingFilter.doFilterInternal(Ljakarta/servlet/http/HttpServletRequest;Ljakarta/servlet/http/HttpServletResponse;Ljakarta/servlet/FilterChain;)V+53
j  org.springframework.web.filter.OncePerRequestFilter.doFilter(Ljakarta/servlet/ServletRequest;Ljakarta/servlet/ServletResponse;Ljakarta/servlet/FilterChain;)V+150
j  org.apache.catalina.core.ApplicationFilterChain.internalDoFilter(Ljakarta/servlet/ServletRequest;Ljakarta/servlet/ServletResponse;)V+130
j  org.apache.catalina.core.ApplicationFilterChain.doFilter(Ljakarta/servlet/ServletRequest;Ljakarta/servlet/ServletResponse;)V+99
j  org.apache.catalina.core.StandardWrapperValve.invoke(Lorg/apache/catalina/connector/Request;Lorg/apache/catalina/connector/Response;)V+514
j  org.apache.catalina.core.StandardContextValve.invoke(Lorg/apache/catalina/connector/Request;Lorg/apache/catalina/connector/Response;)V+169
j  org.apache.catalina.authenticator.AuthenticatorBase.invoke(Lorg/apache/catalina/connector/Request;Lorg/apache/catalina/connector/Response;)V+221
j  org.apache.catalina.core.StandardHostValve.invoke(Lorg/apache/catalina/connector/Request;Lorg/apache/catalina/connector/Response;)V+131
j  org.apache.catalina.valves.ErrorReportValve.invoke(Lorg/apache/catalina/connector/Request;Lorg/apache/catalina/connector/Response;)V+6
j  org.apache.catalina.core.StandardEngineValve.invoke(Lorg/apache/catalina/connector/Request;Lorg/apache/catalina/connector/Response;)V+59
j  org.apache.catalina.connector.CoyoteAdapter.service(Lorg/apache/coyote/Request;Lorg/apache/coyote/Response;)V+188
j  org.apache.coyote.http11.Http11Processor.service(Lorg/apache/tomcat/util/net/SocketWrapperBase;)Lorg/apache/tomcat/util/net/AbstractEndpoint$Handler$SocketState;+796
j  org.apache.coyote.AbstractProcessorLight.process(Lorg/apache/tomcat/util/net/SocketWrapperBase;Lorg/apache/tomcat/util/net/SocketEvent;)Lorg/apache/tomcat/util/net/AbstractEndpoint$Handler$SocketState;+155
j  org.apache.coyote.AbstractProtocol$ConnectionHandler.process(Lorg/apache/tomcat/util/net/SocketWrapperBase;Lorg/apache/tomcat/util/net/SocketEvent;)Lorg/apache/tomcat/util/net/AbstractEndpoint$Handler$SocketState;+482
j  org.apache.tomcat.util.net.NioEndpoint$SocketProcessor.doRun()V+249
j  org.apache.tomcat.util.net.SocketProcessorBase.run()V+32
j  org.apache.tomcat.util.threads.ThreadPoolExecutor.runWorker(Lorg/apache/tomcat/util/threads/ThreadPoolExecutor$Worker;)V+92
j  org.apache.tomcat.util.threads.ThreadPoolExecutor$Worker.run()V+5
j  org.apache.tomcat.util.threads.TaskThread$WrappingRunnable.run()V+4
j  java.lang.Thread.run()V+11 java.base@17.0.12
v  ~StubRoutines::call_stub

---------------  P R O C E S S  ---------------

Threads class SMR info:
_java_thread_list=0x000001cf087bf410, length=33, elements={
0x000001cec0e4ba80, 0x000001cec0e4c810, 0x000001cec0e5e770, 0x000001cec0e60250,
0x000001cec0e62b30, 0x000001cec0e63400, 0x000001cec0e65ee0, 0x000001cec0e667f0,
0x000001cec0e33d60, 0x000001cf06480c40, 0x000001cf06481120, 0x000001cf065a5520,
0x000001cf06ae04e0, 0x000001cf06ad55e0, 0x000001cf06add3a0, 0x000001cf06affde0,
0x000001cf06aff3c0, 0x000001cf06aff8d0, 0x000001cf06b002f0, 0x000001cf06b00800,
0x000001cf08a9c8e0, 0x000001cf08a9d300, 0x000001cf08a9bec0, 0x000001cf08a9a570,
0x000001cf08a9a060, 0x000001cf08a9cdf0, 0x000001cf08a9d810, 0x000001cf08a9c3d0,
0x000001cf08a9aa80, 0x000001cf08a9af90, 0x000001cf08a9b4a0, 0x000001cf08a9b9b0,
0x000001cf06772140
}

Java Threads: ( => current thread )
  0x000001cec0e4ba80 JavaThread "Reference Handler" daemon [_thread_blocked, id=6408, stack(0x000000539f300000,0x000000539f400000)]
  0x000001cec0e4c810 JavaThread "Finalizer" daemon [_thread_blocked, id=3360, stack(0x000000539f400000,0x000000539f500000)]
  0x000001cec0e5e770 JavaThread "Signal Dispatcher" daemon [_thread_blocked, id=6412, stack(0x000000539f500000,0x000000539f600000)]
  0x000001cec0e60250 JavaThread "Attach Listener" daemon [_thread_blocked, id=18292, stack(0x000000539f600000,0x000000539f700000)]
  0x000001cec0e62b30 JavaThread "Service Thread" daemon [_thread_blocked, id=18576, stack(0x000000539f700000,0x000000539f800000)]
  0x000001cec0e63400 JavaThread "Monitor Deflation Thread" daemon [_thread_blocked, id=17592, stack(0x000000539f800000,0x000000539f900000)]
  0x000001cec0e65ee0 JavaThread "C1 CompilerThread0" daemon [_thread_blocked, id=5808, stack(0x000000539f900000,0x000000539fa00000)]
  0x000001cec0e667f0 JavaThread "Sweeper thread" daemon [_thread_blocked, id=18472, stack(0x000000539fa00000,0x000000539fb00000)]
  0x000001cec0e33d60 JavaThread "Common-Cleaner" daemon [_thread_blocked, id=15160, stack(0x000000539fb00000,0x000000539fc00000)]
  0x000001cf06480c40 JavaThread "Monitor Ctrl-Break" daemon [_thread_in_native, id=6444, stack(0x000000539ff00000,0x00000053a0000000)]
  0x000001cf06481120 JavaThread "Notification Thread" daemon [_thread_blocked, id=19144, stack(0x00000053a0000000,0x00000053a0100000)]
  0x000001cf065a5520 JavaThread "RMI TCP Accept-0" daemon [_thread_in_native, id=11124, stack(0x00000053a0100000,0x00000053a0200000)]
  0x000001cf06ae04e0 JavaThread "RMI TCP Connection(1)-192.168.56.1" daemon [_thread_in_native, id=6884, stack(0x00000053a0a00000,0x00000053a0b00000)]
  0x000001cf06ad55e0 JavaThread "RMI Scheduler(0)" daemon [_thread_blocked, id=7144, stack(0x00000053a0b00000,0x00000053a0c00000)]
  0x000001cf06add3a0 JavaThread "JMX server connection timeout 20" daemon [_thread_blocked, id=19684, stack(0x00000053a0c00000,0x00000053a0d00000)]
  0x000001cf06affde0 JavaThread "Catalina-utility-1" [_thread_blocked, id=15632, stack(0x00000053a0f00000,0x00000053a1000000)]
  0x000001cf06aff3c0 JavaThread "Catalina-utility-2" [_thread_blocked, id=472, stack(0x00000053a1000000,0x00000053a1100000)]
  0x000001cf06aff8d0 JavaThread "container-0" [_thread_blocked, id=476, stack(0x00000053a1100000,0x00000053a1200000)]
  0x000001cf06b002f0 JavaThread "mysql-cj-abandoned-connection-cleanup" daemon [_thread_blocked, id=10776, stack(0x00000053a1200000,0x00000053a1300000)]
  0x000001cf06b00800 JavaThread "HikariPool-1 housekeeper" daemon [_thread_blocked, id=16476, stack(0x00000053a1400000,0x00000053a1500000)]
  0x000001cf08a9c8e0 JavaThread "http-nio-8080-exec-1" daemon [_thread_blocked, id=18536, stack(0x00000053a1600000,0x00000053a1700000)]
=>0x000001cf08a9d300 JavaThread "http-nio-8080-exec-2" daemon [_thread_in_vm, id=16824, stack(0x00000053a1700000,0x00000053a1800000)]
  0x000001cf08a9bec0 JavaThread "http-nio-8080-exec-3" daemon [_thread_blocked, id=14648, stack(0x00000053a1800000,0x00000053a1900000)]
  0x000001cf08a9a570 JavaThread "http-nio-8080-exec-4" daemon [_thread_blocked, id=18264, stack(0x00000053a1900000,0x00000053a1a00000)]
  0x000001cf08a9a060 JavaThread "http-nio-8080-exec-5" daemon [_thread_blocked, id=19324, stack(0x00000053a1a00000,0x00000053a1b00000)]
  0x000001cf08a9cdf0 JavaThread "http-nio-8080-exec-6" daemon [_thread_blocked, id=10012, stack(0x00000053a1b00000,0x00000053a1c00000)]
  0x000001cf08a9d810 JavaThread "http-nio-8080-exec-7" daemon [_thread_blocked, id=5300, stack(0x00000053a1c00000,0x00000053a1d00000)]
  0x000001cf08a9c3d0 JavaThread "http-nio-8080-exec-8" daemon [_thread_blocked, id=19104, stack(0x00000053a1d00000,0x00000053a1e00000)]
  0x000001cf08a9aa80 JavaThread "http-nio-8080-exec-9" daemon [_thread_blocked, id=15764, stack(0x00000053a1e00000,0x00000053a1f00000)]
  0x000001cf08a9af90 JavaThread "http-nio-8080-exec-10" daemon [_thread_blocked, id=16052, stack(0x00000053a1f00000,0x00000053a2000000)]
  0x000001cf08a9b4a0 JavaThread "http-nio-8080-Poller" daemon [_thread_in_native, id=14476, stack(0x00000053a2000000,0x00000053a2100000)]
  0x000001cf08a9b9b0 JavaThread "http-nio-8080-Acceptor" daemon [_thread_in_native, id=20004, stack(0x00000053a2100000,0x00000053a2200000)]
  0x000001cf06772140 JavaThread "DestroyJavaVM" [_thread_blocked, id=3200, stack(0x000000539ec00000,0x000000539ed00000)]

Other Threads:
  0x000001cec0e43b30 VMThread "VM Thread" [stack: 0x000000539f200000,0x000000539f300000] [id=9700]
  0x000001ceaeff4c20 WatcherThread [stack: 0x00000053a0200000,0x00000053a0300000] [id=15012]
  0x000001ceaf04d800 GCTaskThread "GC Thread#0" [stack: 0x000000539ed00000,0x000000539ee00000] [id=11600]
  0x000001cf069d8d10 GCTaskThread "GC Thread#1" [stack: 0x00000053a0300000,0x00000053a0400000] [id=12264]
  0x000001cf06a27020 GCTaskThread "GC Thread#2" [stack: 0x00000053a0400000,0x00000053a0500000] [id=7236]
  0x000001cf06a39db0 GCTaskThread "GC Thread#3" [stack: 0x00000053a0500000,0x00000053a0600000] [id=14528]
  0x000001cf06a3a070 GCTaskThread "GC Thread#4" [stack: 0x00000053a0600000,0x00000053a0700000] [id=5932]
  0x000001cf06a3a740 GCTaskThread "GC Thread#5" [stack: 0x00000053a0700000,0x00000053a0800000] [id=8148]
  0x000001cf06a3aa00 GCTaskThread "GC Thread#6" [stack: 0x00000053a0800000,0x00000053a0900000] [id=5572]
  0x000001cf072efd30 GCTaskThread "GC Thread#7" [stack: 0x00000053a0e00000,0x00000053a0f00000] [id=7336]
  0x000001ceaf05e0e0 ConcurrentGCThread "G1 Main Marker" [stack: 0x000000539ee00000,0x000000539ef00000] [id=13164]
  0x000001ceaf05f1a0 ConcurrentGCThread "G1 Conc#0" [stack: 0x000000539ef00000,0x000000539f000000] [id=6100]
  0x000001cf0796e300 ConcurrentGCThread "G1 Conc#1" [stack: 0x00000053a0d00000,0x00000053a0e00000] [id=2640]
  0x000001ceaf0bd6f0 ConcurrentGCThread "G1 Refine#0" [stack: 0x000000539f000000,0x000000539f100000] [id=8236]
  0x000001cf06a10560 ConcurrentGCThread "G1 Refine#1" [stack: 0x00000053a0900000,0x00000053a0a00000] [id=6464]
  0x000001ceaf0be030 ConcurrentGCThread "G1 Service" [stack: 0x000000539f100000,0x000000539f200000] [id=8096]

Threads with active compile tasks:

VM state: not at safepoint (normal execution)

VM Mutex/Monitor currently owned by a thread:  ([mutex/lock_event])
[0x000001ceaefed320] Metaspace_lock - owner thread: 0x000001cf08a9d300

Heap address: 0x0000000082c00000, size: 2004 MB, Compressed Oops mode: 32-bit

CDS archive(s) mapped at: [0x000001cec1000000-0x000001cec1bd0000-0x000001cec1bd0000), size 12386304, SharedBaseAddress: 0x000001cec1000000, ArchiveRelocationMode: 1.
Compressed class space mapped at: 0x000001cec2000000-0x000001cf02000000, reserved size: 1073741824
Narrow klass base: 0x000001cec1000000, Narrow klass shift: 0, Narrow klass range: 0x100000000

GC Precious Log:
 CPUs: 8 total, 8 available
 Memory: 8010M
 Large Page Support: Disabled
 NUMA Support: Disabled
 Compressed Oops: Enabled (32-bit)
 Heap Region Size: 1M
 Heap Min Capacity: 8M
 Heap Initial Capacity: 126M
 Heap Max Capacity: 2004M
 Pre-touch: Disabled
 Parallel Workers: 8
 Concurrent Workers: 2
 Concurrent Refinement Workers: 8
 Periodic GC: Disabled

Heap:
 garbage-first heap   total 122880K, used 68982K [0x0000000082c00000, 0x0000000100000000)
  region size 1024K, 44 young (45056K), 3 survivors (3072K)
 Metaspace       used 69590K, committed 70208K, reserved 1114112K
  class space    used 9896K, committed 10176K, reserved 1048576K

Heap Regions: E=young(eden), S=young(survivor), O=old, HS=humongous(starts), HC=humongous(continues), CS=collection set, F=free, OA=open archive, CA=closed archive, TAMS=top-at-mark-start (previous, next)
|   0|0x0000000082c00000, 0x0000000082d00000, 0x0000000082d00000|100%|HS|  |TAMS 0x0000000082d00000, 0x0000000082c00000| Complete 
|   1|0x0000000082d00000, 0x0000000082e00000, 0x0000000082e00000|100%|HS|  |TAMS 0x0000000082e00000, 0x0000000082d00000| Complete 
|   2|0x0000000082e00000, 0x0000000082f00000, 0x0000000082f00000|100%| O|  |TAMS 0x0000000082f00000, 0x0000000082e00000| Untracked 
|   3|0x0000000082f00000, 0x0000000083000000, 0x0000000083000000|100%| O|  |TAMS 0x0000000083000000, 0x0000000082f00000| Untracked 
|   4|0x0000000083000000, 0x0000000083100000, 0x0000000083100000|100%| O|  |TAMS 0x0000000083100000, 0x0000000083000000| Untracked 
|   5|0x0000000083100000, 0x0000000083200000, 0x0000000083200000|100%| O|  |TAMS 0x0000000083200000, 0x0000000083100000| Untracked 
|   6|0x0000000083200000, 0x0000000083300000, 0x0000000083300000|100%| O|  |TAMS 0x0000000083300000, 0x0000000083200000| Untracked 
|   7|0x0000000083300000, 0x0000000083400000, 0x0000000083400000|100%| O|  |TAMS 0x0000000083400000, 0x0000000083300000| Untracked 
|   8|0x0000000083400000, 0x0000000083500000, 0x0000000083500000|100%| O|  |TAMS 0x0000000083500000, 0x0000000083400000| Untracked 
|   9|0x0000000083500000, 0x0000000083600000, 0x0000000083600000|100%| O|  |TAMS 0x0000000083600000, 0x0000000083500000| Untracked 
|  10|0x0000000083600000, 0x0000000083700000, 0x0000000083700000|100%| O|  |TAMS 0x0000000083700000, 0x0000000083600000| Untracked 
|  11|0x0000000083700000, 0x0000000083800000, 0x0000000083800000|100%| O|  |TAMS 0x0000000083800000, 0x0000000083700000| Untracked 
|  12|0x0000000083800000, 0x0000000083900000, 0x0000000083900000|100%| O|  |TAMS 0x0000000083900000, 0x0000000083800000| Untracked 
|  13|0x0000000083900000, 0x0000000083a00000, 0x0000000083a00000|100%| O|  |TAMS 0x0000000083a00000, 0x0000000083900000| Untracked 
|  14|0x0000000083a00000, 0x0000000083b00000, 0x0000000083b00000|100%| O|  |TAMS 0x0000000083b00000, 0x0000000083a00000| Untracked 
|  15|0x0000000083b00000, 0x0000000083c00000, 0x0000000083c00000|100%| O|  |TAMS 0x0000000083c00000, 0x0000000083b00000| Untracked 
|  16|0x0000000083c00000, 0x0000000083d00000, 0x0000000083d00000|100%| O|  |TAMS 0x0000000083d00000, 0x0000000083c00000| Untracked 
|  17|0x0000000083d00000, 0x0000000083e00000, 0x0000000083e00000|100%| O|  |TAMS 0x0000000083e00000, 0x0000000083d00000| Untracked 
|  18|0x0000000083e00000, 0x0000000083f00000, 0x0000000083f00000|100%| O|  |TAMS 0x0000000083f00000, 0x0000000083e00000| Untracked 
|  19|0x0000000083f00000, 0x0000000084000000, 0x0000000084000000|100%| O|  |TAMS 0x0000000084000000, 0x0000000083f00000| Untracked 
|  20|0x0000000084000000, 0x0000000084100000, 0x0000000084100000|100%| O|  |TAMS 0x0000000084100000, 0x0000000084000000| Untracked 
|  21|0x0000000084100000, 0x0000000084200000, 0x0000000084200000|100%| O|  |TAMS 0x0000000084200000, 0x0000000084100000| Untracked 
|  22|0x0000000084200000, 0x0000000084300000, 0x0000000084300000|100%| O|  |TAMS 0x0000000084300000, 0x0000000084200000| Untracked 
|  23|0x0000000084300000, 0x0000000084400000, 0x0000000084400000|100%| O|  |TAMS 0x000000008434b000, 0x0000000084300000| Untracked 
|  24|0x0000000084400000, 0x000000008445da00, 0x0000000084500000| 36%| O|  |TAMS 0x0000000084400000, 0x0000000084400000| Untracked 
|  25|0x0000000084500000, 0x0000000084500000, 0x0000000084600000|  0%| F|  |TAMS 0x0000000084500000, 0x0000000084500000| Untracked 
|  26|0x0000000084600000, 0x0000000084600000, 0x0000000084700000|  0%| F|  |TAMS 0x0000000084600000, 0x0000000084600000| Untracked 
|  27|0x0000000084700000, 0x0000000084700000, 0x0000000084800000|  0%| F|  |TAMS 0x0000000084700000, 0x0000000084700000| Untracked 
|  28|0x0000000084800000, 0x0000000084800000, 0x0000000084900000|  0%| F|  |TAMS 0x0000000084800000, 0x0000000084800000| Untracked 
|  29|0x0000000084900000, 0x0000000084900000, 0x0000000084a00000|  0%| F|  |TAMS 0x0000000084900000, 0x0000000084900000| Untracked 
|  30|0x0000000084a00000, 0x0000000084a00000, 0x0000000084b00000|  0%| F|  |TAMS 0x0000000084a00000, 0x0000000084a00000| Untracked 
|  31|0x0000000084b00000, 0x0000000084b00000, 0x0000000084c00000|  0%| F|  |TAMS 0x0000000084b00000, 0x0000000084b00000| Untracked 
|  32|0x0000000084c00000, 0x0000000084c00000, 0x0000000084d00000|  0%| F|  |TAMS 0x0000000084c00000, 0x0000000084c00000| Untracked 
|  33|0x0000000084d00000, 0x0000000084e00000, 0x0000000084e00000|100%| S|CS|TAMS 0x0000000084d00000, 0x0000000084d00000| Complete 
|  34|0x0000000084e00000, 0x0000000084f00000, 0x0000000084f00000|100%| S|CS|TAMS 0x0000000084e00000, 0x0000000084e00000| Complete 
|  35|0x0000000084f00000, 0x0000000085000000, 0x0000000085000000|100%| S|CS|TAMS 0x0000000084f00000, 0x0000000084f00000| Complete 
|  36|0x0000000085000000, 0x0000000085000000, 0x0000000085100000|  0%| F|  |TAMS 0x0000000085000000, 0x0000000085000000| Untracked 
|  37|0x0000000085100000, 0x0000000085100000, 0x0000000085200000|  0%| F|  |TAMS 0x0000000085100000, 0x0000000085100000| Untracked 
|  38|0x0000000085200000, 0x0000000085200000, 0x0000000085300000|  0%| F|  |TAMS 0x0000000085200000, 0x0000000085200000| Untracked 
|  39|0x0000000085300000, 0x0000000085300000, 0x0000000085400000|  0%| F|  |TAMS 0x0000000085300000, 0x0000000085300000| Untracked 
|  40|0x0000000085400000, 0x0000000085400000, 0x0000000085500000|  0%| F|  |TAMS 0x0000000085400000, 0x0000000085400000| Untracked 
|  41|0x0000000085500000, 0x0000000085500000, 0x0000000085600000|  0%| F|  |TAMS 0x0000000085500000, 0x0000000085500000| Untracked 
|  42|0x0000000085600000, 0x0000000085600000, 0x0000000085700000|  0%| F|  |TAMS 0x0000000085600000, 0x0000000085600000| Untracked 
|  43|0x0000000085700000, 0x0000000085700000, 0x0000000085800000|  0%| F|  |TAMS 0x0000000085700000, 0x0000000085700000| Untracked 
|  44|0x0000000085800000, 0x0000000085800000, 0x0000000085900000|  0%| F|  |TAMS 0x0000000085800000, 0x0000000085800000| Untracked 
|  45|0x0000000085900000, 0x0000000085900000, 0x0000000085a00000|  0%| F|  |TAMS 0x0000000085900000, 0x0000000085900000| Untracked 
|  46|0x0000000085a00000, 0x0000000085a00000, 0x0000000085b00000|  0%| F|  |TAMS 0x0000000085a00000, 0x0000000085a00000| Untracked 
|  47|0x0000000085b00000, 0x0000000085b00000, 0x0000000085c00000|  0%| F|  |TAMS 0x0000000085b00000, 0x0000000085b00000| Untracked 
|  48|0x0000000085c00000, 0x0000000085c00000, 0x0000000085d00000|  0%| F|  |TAMS 0x0000000085c00000, 0x0000000085c00000| Untracked 
|  49|0x0000000085d00000, 0x0000000085d00000, 0x0000000085e00000|  0%| F|  |TAMS 0x0000000085d00000, 0x0000000085d00000| Untracked 
|  50|0x0000000085e00000, 0x0000000085e00000, 0x0000000085f00000|  0%| F|  |TAMS 0x0000000085e00000, 0x0000000085e00000| Untracked 
|  51|0x0000000085f00000, 0x0000000085f00000, 0x0000000086000000|  0%| F|  |TAMS 0x0000000085f00000, 0x0000000085f00000| Untracked 
|  52|0x0000000086000000, 0x0000000086000000, 0x0000000086100000|  0%| F|  |TAMS 0x0000000086000000, 0x0000000086000000| Untracked 
|  53|0x0000000086100000, 0x0000000086100000, 0x0000000086200000|  0%| F|  |TAMS 0x0000000086100000, 0x0000000086100000| Untracked 
|  54|0x0000000086200000, 0x0000000086200000, 0x0000000086300000|  0%| F|  |TAMS 0x0000000086200000, 0x0000000086200000| Untracked 
|  55|0x0000000086300000, 0x0000000086300000, 0x0000000086400000|  0%| F|  |TAMS 0x0000000086300000, 0x0000000086300000| Untracked 
|  56|0x0000000086400000, 0x0000000086400000, 0x0000000086500000|  0%| F|  |TAMS 0x0000000086400000, 0x0000000086400000| Untracked 
|  57|0x0000000086500000, 0x0000000086500000, 0x0000000086600000|  0%| F|  |TAMS 0x0000000086500000, 0x0000000086500000| Untracked 
|  58|0x0000000086600000, 0x0000000086600000, 0x0000000086700000|  0%| F|  |TAMS 0x0000000086600000, 0x0000000086600000| Untracked 
|  59|0x0000000086700000, 0x0000000086700000, 0x0000000086800000|  0%| F|  |TAMS 0x0000000086700000, 0x0000000086700000| Untracked 
|  60|0x0000000086800000, 0x0000000086800000, 0x0000000086900000|  0%| F|  |TAMS 0x0000000086800000, 0x0000000086800000| Untracked 
|  61|0x0000000086900000, 0x0000000086900000, 0x0000000086a00000|  0%| F|  |TAMS 0x0000000086900000, 0x0000000086900000| Untracked 
|  62|0x0000000086a00000, 0x0000000086a00000, 0x0000000086b00000|  0%| F|  |TAMS 0x0000000086a00000, 0x0000000086a00000| Untracked 
|  63|0x0000000086b00000, 0x0000000086b00000, 0x0000000086c00000|  0%| F|  |TAMS 0x0000000086b00000, 0x0000000086b00000| Untracked 
|  64|0x0000000086c00000, 0x0000000086c00000, 0x0000000086d00000|  0%| F|  |TAMS 0x0000000086c00000, 0x0000000086c00000| Untracked 
|  65|0x0000000086d00000, 0x0000000086d00000, 0x0000000086e00000|  0%| F|  |TAMS 0x0000000086d00000, 0x0000000086d00000| Untracked 
|  66|0x0000000086e00000, 0x0000000086e00000, 0x0000000086f00000|  0%| F|  |TAMS 0x0000000086e00000, 0x0000000086e00000| Untracked 
|  67|0x0000000086f00000, 0x0000000086f00000, 0x0000000087000000|  0%| F|  |TAMS 0x0000000086f00000, 0x0000000086f00000| Untracked 
|  68|0x0000000087000000, 0x0000000087000000, 0x0000000087100000|  0%| F|  |TAMS 0x0000000087000000, 0x0000000087000000| Untracked 
|  69|0x0000000087100000, 0x0000000087100000, 0x0000000087200000|  0%| F|  |TAMS 0x0000000087100000, 0x0000000087100000| Untracked 
|  70|0x0000000087200000, 0x0000000087200000, 0x0000000087300000|  0%| F|  |TAMS 0x0000000087200000, 0x0000000087200000| Untracked 
|  71|0x0000000087300000, 0x0000000087300000, 0x0000000087400000|  0%| F|  |TAMS 0x0000000087300000, 0x0000000087300000| Untracked 
|  72|0x0000000087400000, 0x0000000087400000, 0x0000000087500000|  0%| F|  |TAMS 0x0000000087400000, 0x0000000087400000| Untracked 
|  73|0x0000000087500000, 0x0000000087500000, 0x0000000087600000|  0%| F|  |TAMS 0x0000000087500000, 0x0000000087500000| Untracked 
|  74|0x0000000087600000, 0x0000000087600000, 0x0000000087700000|  0%| F|  |TAMS 0x0000000087600000, 0x0000000087600000| Untracked 
|  75|0x0000000087700000, 0x0000000087700000, 0x0000000087800000|  0%| F|  |TAMS 0x0000000087700000, 0x0000000087700000| Untracked 
|  76|0x0000000087800000, 0x0000000087800000, 0x0000000087900000|  0%| F|  |TAMS 0x0000000087800000, 0x0000000087800000| Untracked 
|  77|0x0000000087900000, 0x0000000087900000, 0x0000000087a00000|  0%| F|  |TAMS 0x0000000087900000, 0x0000000087900000| Untracked 
|  78|0x0000000087a00000, 0x0000000087a00000, 0x0000000087b00000|  0%| F|  |TAMS 0x0000000087a00000, 0x0000000087a00000| Untracked 
|  79|0x0000000087b00000, 0x0000000087c00000, 0x0000000087c00000|100%| E|  |TAMS 0x0000000087b00000, 0x0000000087b00000| Complete 
|  80|0x0000000087c00000, 0x0000000087d00000, 0x0000000087d00000|100%| E|CS|TAMS 0x0000000087c00000, 0x0000000087c00000| Complete 
|  81|0x0000000087d00000, 0x0000000087e00000, 0x0000000087e00000|100%| E|CS|TAMS 0x0000000087d00000, 0x0000000087d00000| Complete 
|  82|0x0000000087e00000, 0x0000000087f00000, 0x0000000087f00000|100%| E|CS|TAMS 0x0000000087e00000, 0x0000000087e00000| Complete 
|  83|0x0000000087f00000, 0x0000000088000000, 0x0000000088000000|100%| E|CS|TAMS 0x0000000087f00000, 0x0000000087f00000| Complete 
|  84|0x0000000088000000, 0x0000000088100000, 0x0000000088100000|100%| E|CS|TAMS 0x0000000088000000, 0x0000000088000000| Complete 
|  85|0x0000000088100000, 0x0000000088200000, 0x0000000088200000|100%| E|CS|TAMS 0x0000000088100000, 0x0000000088100000| Complete 
|  86|0x0000000088200000, 0x0000000088300000, 0x0000000088300000|100%| E|CS|TAMS 0x0000000088200000, 0x0000000088200000| Complete 
|  87|0x0000000088300000, 0x0000000088400000, 0x0000000088400000|100%| E|CS|TAMS 0x0000000088300000, 0x0000000088300000| Complete 
|  88|0x0000000088400000, 0x0000000088500000, 0x0000000088500000|100%| E|CS|TAMS 0x0000000088400000, 0x0000000088400000| Complete 
|  89|0x0000000088500000, 0x0000000088600000, 0x0000000088600000|100%| E|CS|TAMS 0x0000000088500000, 0x0000000088500000| Complete 
|  90|0x0000000088600000, 0x0000000088700000, 0x0000000088700000|100%| E|CS|TAMS 0x0000000088600000, 0x0000000088600000| Complete 
|  91|0x0000000088700000, 0x0000000088800000, 0x0000000088800000|100%| E|CS|TAMS 0x0000000088700000, 0x0000000088700000| Complete 
|  92|0x0000000088800000, 0x0000000088900000, 0x0000000088900000|100%| E|CS|TAMS 0x0000000088800000, 0x0000000088800000| Complete 
|  93|0x0000000088900000, 0x0000000088a00000, 0x0000000088a00000|100%| E|CS|TAMS 0x0000000088900000, 0x0000000088900000| Complete 
|  94|0x0000000088a00000, 0x0000000088b00000, 0x0000000088b00000|100%| E|CS|TAMS 0x0000000088a00000, 0x0000000088a00000| Complete 
|  95|0x0000000088b00000, 0x0000000088c00000, 0x0000000088c00000|100%| E|CS|TAMS 0x0000000088b00000, 0x0000000088b00000| Complete 
|  96|0x0000000088c00000, 0x0000000088d00000, 0x0000000088d00000|100%| E|CS|TAMS 0x0000000088c00000, 0x0000000088c00000| Complete 
|  97|0x0000000088d00000, 0x0000000088e00000, 0x0000000088e00000|100%| E|CS|TAMS 0x0000000088d00000, 0x0000000088d00000| Complete 
|  98|0x0000000088e00000, 0x0000000088f00000, 0x0000000088f00000|100%| E|CS|TAMS 0x0000000088e00000, 0x0000000088e00000| Complete 
|  99|0x0000000088f00000, 0x0000000089000000, 0x0000000089000000|100%| E|CS|TAMS 0x0000000088f00000, 0x0000000088f00000| Complete 
| 100|0x0000000089000000, 0x0000000089100000, 0x0000000089100000|100%| E|CS|TAMS 0x0000000089000000, 0x0000000089000000| Complete 
| 101|0x0000000089100000, 0x0000000089200000, 0x0000000089200000|100%| E|CS|TAMS 0x0000000089100000, 0x0000000089100000| Complete 
| 102|0x0000000089200000, 0x0000000089300000, 0x0000000089300000|100%| E|CS|TAMS 0x0000000089200000, 0x0000000089200000| Complete 
| 103|0x0000000089300000, 0x0000000089400000, 0x0000000089400000|100%| E|CS|TAMS 0x0000000089300000, 0x0000000089300000| Complete 
| 104|0x0000000089400000, 0x0000000089500000, 0x0000000089500000|100%| E|CS|TAMS 0x0000000089400000, 0x0000000089400000| Complete 
| 105|0x0000000089500000, 0x0000000089600000, 0x0000000089600000|100%| E|CS|TAMS 0x0000000089500000, 0x0000000089500000| Complete 
| 106|0x0000000089600000, 0x0000000089700000, 0x0000000089700000|100%| E|CS|TAMS 0x0000000089600000, 0x0000000089600000| Complete 
| 107|0x0000000089700000, 0x0000000089800000, 0x0000000089800000|100%| E|CS|TAMS 0x0000000089700000, 0x0000000089700000| Complete 
| 108|0x0000000089800000, 0x0000000089900000, 0x0000000089900000|100%| E|CS|TAMS 0x0000000089800000, 0x0000000089800000| Complete 
| 109|0x0000000089900000, 0x0000000089a00000, 0x0000000089a00000|100%| E|CS|TAMS 0x0000000089900000, 0x0000000089900000| Complete 
| 110|0x0000000089a00000, 0x0000000089b00000, 0x0000000089b00000|100%| E|CS|TAMS 0x0000000089a00000, 0x0000000089a00000| Complete 
| 111|0x0000000089b00000, 0x0000000089c00000, 0x0000000089c00000|100%| E|CS|TAMS 0x0000000089b00000, 0x0000000089b00000| Complete 
| 112|0x0000000089c00000, 0x0000000089d00000, 0x0000000089d00000|100%| E|CS|TAMS 0x0000000089c00000, 0x0000000089c00000| Complete 
| 113|0x0000000089d00000, 0x0000000089e00000, 0x0000000089e00000|100%| E|CS|TAMS 0x0000000089d00000, 0x0000000089d00000| Complete 
| 114|0x0000000089e00000, 0x0000000089f00000, 0x0000000089f00000|100%| E|CS|TAMS 0x0000000089e00000, 0x0000000089e00000| Complete 
| 115|0x0000000089f00000, 0x000000008a000000, 0x000000008a000000|100%| E|CS|TAMS 0x0000000089f00000, 0x0000000089f00000| Complete 
| 116|0x000000008a000000, 0x000000008a100000, 0x000000008a100000|100%| E|CS|TAMS 0x000000008a000000, 0x000000008a000000| Complete 
| 117|0x000000008a100000, 0x000000008a200000, 0x000000008a200000|100%| E|CS|TAMS 0x000000008a100000, 0x000000008a100000| Complete 
| 118|0x000000008a200000, 0x000000008a300000, 0x000000008a300000|100%| E|CS|TAMS 0x000000008a200000, 0x000000008a200000| Complete 
| 125|0x000000008a900000, 0x000000008aa00000, 0x000000008aa00000|100%| E|CS|TAMS 0x000000008a900000, 0x000000008a900000| Complete 

Card table byte_map: [0x000001ceb9db0000,0x000001ceba1a0000] _byte_map_base: 0x000001ceb999a000

Marking Bits (Prev, Next): (CMBitMap*) 0x000001ceaf04dd70, (CMBitMap*) 0x000001ceaf04dd30
 Prev Bits: [0x000001cebc4e0000, 0x000001cebe430000)
 Next Bits: [0x000001ceba590000, 0x000001cebc4e0000)

Polling page: 0x000001ceacf40000

Metaspace:

Usage:
  Non-class:     58.29 MB used.
      Class:      9.66 MB used.
       Both:     67.96 MB used.

Virtual space:
  Non-class space:       64.00 MB reserved,      58.62 MB ( 92%) committed,  1 nodes.
      Class space:        1.00 GB reserved,       9.94 MB ( <1%) committed,  1 nodes.
             Both:        1.06 GB reserved,      68.56 MB (  6%) committed. 

Chunk freelists:
   Non-Class:  5.05 MB
       Class:  6.06 MB
        Both:  11.11 MB

MaxMetaspaceSize: unlimited
CompressedClassSpaceSize: 1.00 GB
Initial GC threshold: 21.00 MB
Current GC threshold: 99.31 MB
CDS: on
MetaspaceReclaimPolicy: balanced
 - commit_granule_bytes: 65536.
 - commit_granule_words: 8192.
 - virtual_space_node_default_size: 8388608.
 - enlarge_chunks_in_place: 1.
 - new_chunks_are_fully_committed: 0.
 - uncommit_free_chunks: 1.
 - use_allocation_guard: 0.
 - handle_deallocations: 1.


Internal statistics:

num_allocs_failed_limit: 9.
num_arena_births: 1022.
num_arena_deaths: 0.
num_vsnodes_births: 2.
num_vsnodes_deaths: 0.
num_space_committed: 1097.
num_space_uncommitted: 0.
num_chunks_returned_to_freelist: 9.
num_chunks_taken_from_freelist: 3534.
num_chunk_merges: 6.
num_chunk_splits: 2526.
num_chunks_enlarged: 1911.
num_inconsistent_stats: 0.

CodeCache: size=49152Kb used=10485Kb max_used=12085Kb free=38666Kb
 bounds [0x000001ceb68b0000, 0x000001ceb7480000, 0x000001ceb98b0000]
 total_blobs=6665 nmethods=5950 adapters=641
 compilation: enabled
              stopped_count=0, restarted_count=0
 full_count=0

Compilation events (20 events):
Event: 11.351 Thread 0x000001cec0e65ee0 5942       1       org.springframework.core.annotation.AttributeMethods::isAttributeMethod (23 bytes)
Event: 11.351 Thread 0x000001cec0e65ee0 nmethod 5942 0x000001ceb6b67390 code [0x000001ceb6b67520, 0x000001ceb6b67618]
Event: 11.351 Thread 0x000001cec0e65ee0 5943       1       org.springframework.core.annotation.AttributeMethods::get (22 bytes)
Event: 11.351 Thread 0x000001cec0e65ee0 nmethod 5943 0x000001ceb6b66f90 code [0x000001ceb6b67140, 0x000001ceb6b67288]
Event: 11.354 Thread 0x000001cec0e65ee0 5944   !   1       org.springframework.core.annotation.AnnotationTypeMappings::addIfPossible (68 bytes)
Event: 11.354 Thread 0x000001cec0e65ee0 nmethod 5944 0x000001ceb6b66090 code [0x000001ceb6b66300, 0x000001ceb6b66a78]
Event: 11.354 Thread 0x000001cec0e65ee0 5948       1       org.springframework.core.annotation.AnnotationTypeMapping::resolveAliasedForTargets (89 bytes)
Event: 11.354 Thread 0x000001cec0e65ee0 nmethod 5948 0x000001ceb6b65890 code [0x000001ceb6b65a80, 0x000001ceb6b65e98]
Event: 11.354 Thread 0x000001cec0e65ee0 5949       1       org.springframework.core.annotation.AnnotationTypeMapping::processAliases (70 bytes)
Event: 11.355 Thread 0x000001cec0e65ee0 nmethod 5949 0x000001ceb6b64f90 code [0x000001ceb6b65180, 0x000001ceb6b655d8]
Event: 11.355 Thread 0x000001cec0e65ee0 5950       1       org.springframework.core.annotation.AnnotationTypeMapping::addConventionMappings (264 bytes)
Event: 11.359 Thread 0x000001cec0e65ee0 nmethod 5950 0x000001ceb6b62890 code [0x000001ceb6b62ca0, 0x000001ceb6b640d8]
Event: 11.360 Thread 0x000001cec0e65ee0 5945       1       org.springframework.core.annotation.AnnotationTypeMapping::<init> (191 bytes)
Event: 11.360 Thread 0x000001cec0e65ee0 nmethod 5945 0x000001ceb6b61590 code [0x000001ceb6b61800, 0x000001ceb6b62498]
Event: 11.360 Thread 0x000001cec0e65ee0 5946       1       org.springframework.core.annotation.AnnotationTypeMapping::merge (46 bytes)
Event: 11.361 Thread 0x000001cec0e65ee0 nmethod 5946 0x000001ceb6b60d10 code [0x000001ceb6b60f00, 0x000001ceb6b61308]
Event: 11.361 Thread 0x000001cec0e65ee0 5947       1       org.springframework.core.annotation.AnnotationTypeMapping$MirrorSets::<init> (47 bytes)
Event: 11.361 Thread 0x000001cec0e65ee0 nmethod 5947 0x000001ceb6b60790 code [0x000001ceb6b60940, 0x000001ceb6b60bf8]
Event: 11.372 Thread 0x000001cec0e65ee0 5951       1       com.sun.crypto.provider.GaloisCounterMode$GCMEngine::restoreDst (28 bytes)
Event: 11.372 Thread 0x000001cec0e65ee0 nmethod 5951 0x000001ceb6b60390 code [0x000001ceb6b60540, 0x000001ceb6b606d8]

GC Heap History (20 events):
Event: 2.150 GC heap before
{Heap before GC invocations=5 (full 0):
 garbage-first heap   total 51200K, used 16941K [0x0000000082c00000, 0x0000000100000000)
  region size 1024K, 3 young (3072K), 2 survivors (2048K)
 Metaspace       used 24729K, committed 25216K, reserved 1114112K
  class space    used 3415K, committed 3648K, reserved 1048576K
}
Event: 2.157 GC heap after
{Heap after GC invocations=6 (full 0):
 garbage-first heap   total 61440K, used 16719K [0x0000000082c00000, 0x0000000100000000)
  region size 1024K, 1 young (1024K), 1 survivors (1024K)
 Metaspace       used 24729K, committed 25216K, reserved 1114112K
  class space    used 3415K, committed 3648K, reserved 1048576K
}
Event: 2.556 GC heap before
{Heap before GC invocations=6 (full 0):
 garbage-first heap   total 61440K, used 42319K [0x0000000082c00000, 0x0000000100000000)
  region size 1024K, 26 young (26624K), 1 survivors (1024K)
 Metaspace       used 28782K, committed 29184K, reserved 1114112K
  class space    used 3995K, committed 4160K, reserved 1048576K
}
Event: 2.564 GC heap after
{Heap after GC invocations=7 (full 0):
 garbage-first heap   total 61440K, used 18809K [0x0000000082c00000, 0x0000000100000000)
  region size 1024K, 3 young (3072K), 3 survivors (3072K)
 Metaspace       used 28782K, committed 29184K, reserved 1114112K
  class space    used 3995K, committed 4160K, reserved 1048576K
}
Event: 2.919 GC heap before
{Heap before GC invocations=7 (full 0):
 garbage-first heap   total 61440K, used 43385K [0x0000000082c00000, 0x0000000100000000)
  region size 1024K, 28 young (28672K), 3 survivors (3072K)
 Metaspace       used 33809K, committed 34304K, reserved 1114112K
  class space    used 4625K, committed 4864K, reserved 1048576K
}
Event: 2.923 GC heap after
{Heap after GC invocations=8 (full 0):
 garbage-first heap   total 61440K, used 20959K [0x0000000082c00000, 0x0000000100000000)
  region size 1024K, 3 young (3072K), 3 survivors (3072K)
 Metaspace       used 33809K, committed 34304K, reserved 1114112K
  class space    used 4625K, committed 4864K, reserved 1048576K
}
Event: 3.019 GC heap before
{Heap before GC invocations=8 (full 0):
 garbage-first heap   total 61440K, used 21983K [0x0000000082c00000, 0x0000000100000000)
  region size 1024K, 5 young (5120K), 3 survivors (3072K)
 Metaspace       used 35666K, committed 36096K, reserved 1114112K
  class space    used 4843K, committed 5056K, reserved 1048576K
}
Event: 3.022 GC heap after
{Heap after GC invocations=9 (full 0):
 garbage-first heap   total 61440K, used 21241K [0x0000000082c00000, 0x0000000100000000)
  region size 1024K, 3 young (3072K), 3 survivors (3072K)
 Metaspace       used 35666K, committed 36096K, reserved 1114112K
  class space    used 4843K, committed 5056K, reserved 1048576K
}
Event: 3.672 GC heap before
{Heap before GC invocations=10 (full 0):
 garbage-first heap   total 61440K, used 43769K [0x0000000082c00000, 0x0000000100000000)
  region size 1024K, 25 young (25600K), 3 survivors (3072K)
 Metaspace       used 41576K, committed 42112K, reserved 1114112K
  class space    used 5634K, committed 5888K, reserved 1048576K
}
Event: 3.675 GC heap after
{Heap after GC invocations=11 (full 0):
 garbage-first heap   total 61440K, used 22646K [0x0000000082c00000, 0x0000000100000000)
  region size 1024K, 2 young (2048K), 2 survivors (2048K)
 Metaspace       used 41576K, committed 42112K, reserved 1114112K
  class space    used 5634K, committed 5888K, reserved 1048576K
}
Event: 4.018 GC heap before
{Heap before GC invocations=11 (full 0):
 garbage-first heap   total 61440K, used 45174K [0x0000000082c00000, 0x0000000100000000)
  region size 1024K, 24 young (24576K), 2 survivors (2048K)
 Metaspace       used 46259K, committed 46784K, reserved 1114112K
  class space    used 6427K, committed 6656K, reserved 1048576K
}
Event: 4.021 GC heap after
{Heap after GC invocations=12 (full 0):
 garbage-first heap   total 61440K, used 23886K [0x0000000082c00000, 0x0000000100000000)
  region size 1024K, 3 young (3072K), 3 survivors (3072K)
 Metaspace       used 46259K, committed 46784K, reserved 1114112K
  class space    used 6427K, committed 6656K, reserved 1048576K
}
Event: 4.372 GC heap before
{Heap before GC invocations=12 (full 0):
 garbage-first heap   total 61440K, used 46414K [0x0000000082c00000, 0x0000000100000000)
  region size 1024K, 25 young (25600K), 3 survivors (3072K)
 Metaspace       used 51019K, committed 51584K, reserved 1114112K
  class space    used 7116K, committed 7360K, reserved 1048576K
}
Event: 4.376 GC heap after
{Heap after GC invocations=13 (full 0):
 garbage-first heap   total 61440K, used 25087K [0x0000000082c00000, 0x0000000100000000)
  region size 1024K, 3 young (3072K), 3 survivors (3072K)
 Metaspace       used 51019K, committed 51584K, reserved 1114112K
  class space    used 7116K, committed 7360K, reserved 1048576K
}
Event: 4.692 GC heap before
{Heap before GC invocations=13 (full 0):
 garbage-first heap   total 61440K, used 45567K [0x0000000082c00000, 0x0000000100000000)
  region size 1024K, 24 young (24576K), 3 survivors (3072K)
 Metaspace       used 57068K, committed 57664K, reserved 1114112K
  class space    used 8057K, committed 8320K, reserved 1048576K
}
Event: 4.695 GC heap after
{Heap after GC invocations=14 (full 0):
 garbage-first heap   total 61440K, used 25812K [0x0000000082c00000, 0x0000000100000000)
  region size 1024K, 2 young (2048K), 2 survivors (2048K)
 Metaspace       used 57068K, committed 57664K, reserved 1114112K
  class space    used 8057K, committed 8320K, reserved 1048576K
}
Event: 4.920 GC heap before
{Heap before GC invocations=14 (full 0):
 garbage-first heap   total 61440K, used 42196K [0x0000000082c00000, 0x0000000100000000)
  region size 1024K, 19 young (19456K), 2 survivors (2048K)
 Metaspace       used 60126K, committed 60736K, reserved 1114112K
  class space    used 8541K, committed 8832K, reserved 1048576K
}
Event: 4.923 GC heap after
{Heap after GC invocations=15 (full 0):
 garbage-first heap   total 61440K, used 26257K [0x0000000082c00000, 0x0000000100000000)
  region size 1024K, 2 young (2048K), 2 survivors (2048K)
 Metaspace       used 60126K, committed 60736K, reserved 1114112K
  class space    used 8541K, committed 8832K, reserved 1048576K
}
Event: 5.208 GC heap before
{Heap before GC invocations=16 (full 0):
 garbage-first heap   total 61440K, used 48785K [0x0000000082c00000, 0x0000000100000000)
  region size 1024K, 24 young (24576K), 2 survivors (2048K)
 Metaspace       used 63885K, committed 64576K, reserved 1114112K
  class space    used 9124K, committed 9472K, reserved 1048576K
}
Event: 5.212 GC heap after
{Heap after GC invocations=17 (full 0):
 garbage-first heap   total 122880K, used 28022K [0x0000000082c00000, 0x0000000100000000)
  region size 1024K, 3 young (3072K), 3 survivors (3072K)
 Metaspace       used 63885K, committed 64576K, reserved 1114112K
  class space    used 9124K, committed 9472K, reserved 1048576K
}

Deoptimization events (2 events):
Event: 2.215 Thread 0x000001ceaeff3b40 DEOPT PACKING pc=0x000001ceb6ffc5ec sp=0x000000539ecfc2c0
Event: 2.215 Thread 0x000001ceaeff3b40 DEOPT UNPACKING pc=0x000001ceb6902b43 sp=0x000000539ecfb778 mode 0

Classes unloaded (0 events):
No events

Classes redefined (0 events):
No events

Internal exceptions (20 events):
Event: 4.918 Thread 0x000001ceaeff3b40 Exception <a 'java/lang/NoSuchMethodError'{0x00000000857cbe20}: 'java.lang.Object java.lang.invoke.DirectMethodHandle$Holder.invokeSpecial(java.lang.Object, java.lang.Object, java.lang.Object, java.lang.Object, java.lang.Object, java.lang.Object, java.lang.Object, java.lang.Object, java.lang.Object, java.lang.Object, java.lang.Object, java.lang.Object, java.lang.Object)'> (0x00000000857cbe20) 
thrown [s\open\src\hotspot\share\interpreter\linkResolver.cpp, line 759]
Event: 4.918 Thread 0x000001ceaeff3b40 Exception <a 'java/lang/NoSuchMethodError'{0x00000000857d0538}: 'java.lang.Object java.lang.invoke.Invokers$Holder.linkToTargetMethod(java.lang.Object, java.lang.Object, java.lang.Object, java.lang.Object, java.lang.Object, java.lang.Object, java.lang.Object, java.lang.Object, java.lang.Object, java.lang.Object, java.lang.Object, java.lang.Object)'> (0x00000000857d0538) 
thrown [s\open\src\hotspot\share\interpreter\linkResolver.cpp, line 759]
Event: 4.954 Thread 0x000001ceaeff3b40 Exception <a 'java/lang/IncompatibleClassChangeError'{0x00000000876c5c28}: Found class java.lang.Object, but interface was expected> (0x00000000876c5c28) 
thrown [s\open\src\hotspot\share\interpreter\linkResolver.cpp, line 826]
Event: 4.967 Thread 0x000001ceaeff3b40 Exception <a 'java/lang/NoSuchMethodError'{0x00000000875594e8}: 'java.lang.Object java.lang.invoke.DirectMethodHandle$Holder.newInvokeSpecial(java.lang.Object, java.lang.Object, int, java.lang.Object, int, java.lang.Object, java.lang.Object)'> (0x00000000875594e8) 
thrown [s\open\src\hotspot\share\interpreter\linkResolver.cpp, line 759]
Event: 4.972 Thread 0x000001ceaeff3b40 Exception <a 'java/lang/NoSuchMethodError'{0x00000000875ad888}: 'java.lang.Object java.lang.invoke.DirectMethodHandle$Holder.newInvokeSpecial(java.lang.Object, java.lang.Object, java.lang.Object, java.lang.Object, java.lang.Object, java.lang.Object, java.lang.Object, int)'> (0x00000000875ad888) 
thrown [s\open\src\hotspot\share\interpreter\linkResolver.cpp, line 759]
Event: 4.972 Thread 0x000001ceaeff3b40 Exception <a 'java/lang/NoSuchMethodError'{0x00000000875b2880}: 'java.lang.Object java.lang.invoke.DirectMethodHandle$Holder.invokeSpecial(java.lang.Object, java.lang.Object, java.lang.Object, java.lang.Object, java.lang.Object, java.lang.Object, java.lang.Object, java.lang.Object, int)'> (0x00000000875b2880) 
thrown [s\open\src\hotspot\share\interpreter\linkResolver.cpp, line 759]
Event: 4.972 Thread 0x000001ceaeff3b40 Exception <a 'java/lang/NoSuchMethodError'{0x00000000875b7348}: 'java.lang.Object java.lang.invoke.Invokers$Holder.linkToTargetMethod(java.lang.Object, java.lang.Object, java.lang.Object, java.lang.Object, java.lang.Object, java.lang.Object, int, java.lang.Object)'> (0x00000000875b7348) 
thrown [s\open\src\hotspot\share\interpreter\linkResolver.cpp, line 759]
Event: 4.998 Thread 0x000001ceaeff3b40 Exception <a 'java/lang/NoSuchMethodError'{0x0000000087359ca8}: 'void java.lang.invoke.DirectMethodHandle$Holder.invokeInterface(java.lang.Object, java.lang.Object)'> (0x0000000087359ca8) 
thrown [s\open\src\hotspot\share\interpreter\linkResolver.cpp, line 759]
Event: 5.073 Thread 0x000001ceaeff3b40 Exception <a 'java/lang/IncompatibleClassChangeError'{0x0000000085c9dd48}: Found class java.lang.Object, but interface was expected> (0x0000000085c9dd48) 
thrown [s\open\src\hotspot\share\interpreter\linkResolver.cpp, line 826]
Event: 5.099 Thread 0x000001ceaeff3b40 Exception <a 'java/lang/IncompatibleClassChangeError'{0x0000000085a624d0}: Found class java.lang.Object, but interface was expected> (0x0000000085a624d0) 
thrown [s\open\src\hotspot\share\interpreter\linkResolver.cpp, line 826]
Event: 5.193 Thread 0x000001ceaeff3b40 Exception <a 'java/lang/IncompatibleClassChangeError'{0x00000000851f4940}: Found class java.lang.Object, but interface was expected> (0x00000000851f4940) 
thrown [s\open\src\hotspot\share\interpreter\linkResolver.cpp, line 826]
Event: 5.368 Thread 0x000001ceaeff3b40 Exception <a 'sun/nio/fs/WindowsException'{0x0000000089ac39b0}> (0x0000000089ac39b0) 
thrown [s\open\src\hotspot\share\prims\jni.cpp, line 516]
Event: 5.398 Thread 0x000001ceaeff3b40 Exception <a 'java/lang/IncompatibleClassChangeError'{0x0000000089720618}: Found class java.lang.Object, but interface was expected> (0x0000000089720618) 
thrown [s\open\src\hotspot\share\interpreter\linkResolver.cpp, line 826]
Event: 5.429 Thread 0x000001ceaeff3b40 Exception <a 'java/lang/NoSuchMethodError'{0x00000000896f2868}: 'void java.lang.invoke.DirectMethodHandle$Holder.invokeVirtual(java.lang.Object, java.lang.Object, long)'> (0x00000000896f2868) 
thrown [s\open\src\hotspot\share\interpreter\linkResolver.cpp, line 759]
Event: 5.568 Thread 0x000001ceaeff3b40 Exception <a 'java/lang/IncompatibleClassChangeError'{0x0000000088e409f8}: Found class java.lang.Object, but interface was expected> (0x0000000088e409f8) 
thrown [s\open\src\hotspot\share\interpreter\linkResolver.cpp, line 826]
Event: 5.631 Thread 0x000001ceaeff3b40 Exception <a 'java/lang/NoSuchMethodError'{0x00000000889438e8}: 'java.lang.Object java.lang.invoke.DirectMethodHandle$Holder.invokeSpecial(java.lang.Object, java.lang.Object, java.lang.Object, java.lang.Object, java.lang.Object, java.lang.Object, java.lang.Object, java.lang.Object, java.lang.Object, java.lang.Object, java.lang.Object)'> (0x00000000889438e8) 
thrown [s\open\src\hotspot\share\interpreter\linkResolver.cpp, line 759]
Event: 5.631 Thread 0x000001ceaeff3b40 Exception <a 'java/lang/NoSuchMethodError'{0x0000000088947d18}: 'java.lang.Object java.lang.invoke.Invokers$Holder.invoke_MT(java.lang.Object, java.lang.Object, java.lang.Object, java.lang.Object, java.lang.Object, java.lang.Object, java.lang.Object, java.lang.Object, java.lang.Object, java.lang.Object, java.lang.Object)'> (0x0000000088947d18) 
thrown [s\open\src\hotspot\share\interpreter\linkResolver.cpp, line 759]
Event: 5.670 Thread 0x000001ceaeff3b40 Exception <a 'java/lang/NoSuchMethodError'{0x0000000088779690}: 'java.lang.Object java.lang.invoke.DirectMethodHandle$Holder.newInvokeSpecial(java.lang.Object, java.lang.Object, int, java.lang.Object, java.lang.Object)'> (0x0000000088779690) 
thrown [s\open\src\hotspot\share\interpreter\linkResolver.cpp, line 759]
Event: 11.271 Thread 0x000001cf08a9d300 Exception <a 'java/lang/NoSuchMethodError'{0x0000000088011338}: 'java.lang.Object java.lang.invoke.DirectMethodHandle$Holder.invokeSpecial(java.lang.Object, java.lang.Object, java.lang.Object, java.lang.Object, java.lang.Object, long)'> (0x0000000088011338) 
thrown [s\open\src\hotspot\share\interpreter\linkResolver.cpp, line 759]
Event: 11.271 Thread 0x000001cf08a9d300 Exception <a 'java/lang/NoSuchMethodError'{0x0000000088014d78}: 'java.lang.Object java.lang.invoke.Invokers$Holder.linkToTargetMethod(java.lang.Object, java.lang.Object, java.lang.Object, long, java.lang.Object)'> (0x0000000088014d78) 
thrown [s\open\src\hotspot\share\interpreter\linkResolver.cpp, line 759]

VM Operations (20 events):
Event: 5.307 Executing VM operation: HandshakeAllThreads
Event: 5.307 Executing VM operation: HandshakeAllThreads done
Event: 5.317 Executing VM operation: HandshakeAllThreads
Event: 5.317 Executing VM operation: HandshakeAllThreads done
Event: 5.336 Executing VM operation: HandshakeAllThreads
Event: 5.336 Executing VM operation: HandshakeAllThreads done
Event: 5.337 Executing VM operation: HandshakeAllThreads
Event: 5.337 Executing VM operation: HandshakeAllThreads done
Event: 5.447 Executing VM operation: HandshakeAllThreads
Event: 5.447 Executing VM operation: HandshakeAllThreads done
Event: 6.450 Executing VM operation: Cleanup
Event: 6.450 Executing VM operation: Cleanup done
Event: 11.284 Executing VM operation: HandshakeAllThreads
Event: 11.284 Executing VM operation: HandshakeAllThreads done
Event: 11.293 Executing VM operation: HandshakeAllThreads
Event: 11.293 Executing VM operation: HandshakeAllThreads done
Event: 11.358 Executing VM operation: HandshakeAllThreads
Event: 11.358 Executing VM operation: HandshakeAllThreads done
Event: 11.358 Executing VM operation: Cleanup
Event: 11.358 Executing VM operation: Cleanup done

Events (20 events):
Event: 11.232 loading class sun/nio/ch/SocketChannelImpl$DefaultOptionsHolder
Event: 11.232 loading class sun/nio/ch/SocketChannelImpl$DefaultOptionsHolder done
Event: 11.233 loading class sun/nio/ch/SelectionKeyImpl
Event: 11.234 loading class java/nio/channels/spi/AbstractSelectionKey
Event: 11.234 loading class java/nio/channels/SelectionKey
Event: 11.234 loading class java/nio/channels/SelectionKey done
Event: 11.234 loading class java/nio/channels/spi/AbstractSelectionKey done
Event: 11.234 loading class sun/nio/ch/SelectionKeyImpl done
Event: 11.234 loading class java/lang/invoke/ConstantBootstraps
Event: 11.234 loading class java/lang/invoke/ConstantBootstraps done
Event: 11.274 loading class sun/nio/cs/ThreadLocalCoders
Event: 11.275 loading class sun/nio/cs/ThreadLocalCoders done
Event: 11.275 loading class sun/nio/cs/ThreadLocalCoders$1
Event: 11.275 loading class sun/nio/cs/ThreadLocalCoders$Cache
Event: 11.275 loading class sun/nio/cs/ThreadLocalCoders$Cache done
Event: 11.275 loading class sun/nio/cs/ThreadLocalCoders$1 done
Event: 11.275 loading class sun/nio/cs/ThreadLocalCoders$2
Event: 11.275 loading class sun/nio/cs/ThreadLocalCoders$2 done
Event: 11.275 loading class sun/nio/cs/ISO_8859_1$Decoder
Event: 11.275 loading class sun/nio/cs/ISO_8859_1$Decoder done


Dynamic libraries:
0x00007ff756ca0000 - 0x00007ff756cb0000 	C:\Program Files\Java\jdk-17\bin\java.exe
0x00007ffabcc90000 - 0x00007ffabce88000 	C:\Windows\SYSTEM32\ntdll.dll
0x00007ffabc890000 - 0x00007ffabc952000 	C:\Windows\System32\KERNEL32.DLL
0x00007ffaba5d0000 - 0x00007ffaba8c6000 	C:\Windows\System32\KERNELBASE.dll
0x00007ffaba8d0000 - 0x00007ffaba9d0000 	C:\Windows\System32\ucrtbase.dll
0x00007ffa9f680000 - 0x00007ffa9f699000 	C:\Program Files\Java\jdk-17\bin\jli.dll
0x00007ffaa4490000 - 0x00007ffaa44ab000 	C:\Program Files\Java\jdk-17\bin\VCRUNTIME140.dll
0x00007ffabb230000 - 0x00007ffabb2e1000 	C:\Windows\System32\ADVAPI32.dll
0x00007ffabc9e0000 - 0x00007ffabca7e000 	C:\Windows\System32\msvcrt.dll
0x00007ffabb350000 - 0x00007ffabb3ef000 	C:\Windows\System32\sechost.dll
0x00007ffabc760000 - 0x00007ffabc883000 	C:\Windows\System32\RPCRT4.dll
0x00007ffaba430000 - 0x00007ffaba457000 	C:\Windows\System32\bcrypt.dll
0x00007ffabbc20000 - 0x00007ffabbdbd000 	C:\Windows\System32\USER32.dll
0x00007ffabaa80000 - 0x00007ffabaaa2000 	C:\Windows\System32\win32u.dll
0x00007ffaa8940000 - 0x00007ffaa8bda000 	C:\Windows\WinSxS\amd64_microsoft.windows.common-controls_6595b64144ccf1df_6.0.19041.5915_none_60b4b9d171f9c7c7\COMCTL32.dll
0x00007ffabc440000 - 0x00007ffabc46b000 	C:\Windows\System32\GDI32.dll
0x00007ffaba4b0000 - 0x00007ffaba5c9000 	C:\Windows\System32\gdi32full.dll
0x00007ffabaab0000 - 0x00007ffabab4d000 	C:\Windows\System32\msvcp_win.dll
0x00007ffab6570000 - 0x00007ffab657a000 	C:\Windows\SYSTEM32\VERSION.dll
0x00007ffabcb70000 - 0x00007ffabcb9f000 	C:\Windows\System32\IMM32.DLL
0x00007ffab63b0000 - 0x00007ffab63bc000 	C:\Program Files\Java\jdk-17\bin\vcruntime140_1.dll
0x00007ffa89840000 - 0x00007ffa898ce000 	C:\Program Files\Java\jdk-17\bin\msvcp140.dll
0x00007ffa73a40000 - 0x00007ffa74620000 	C:\Program Files\Java\jdk-17\bin\server\jvm.dll
0x00007ffabb3f0000 - 0x00007ffabb3f8000 	C:\Windows\System32\PSAPI.DLL
0x00007ffaa8be0000 - 0x00007ffaa8c07000 	C:\Windows\SYSTEM32\WINMM.dll
0x00007ffaa8c50000 - 0x00007ffaa8c59000 	C:\Windows\SYSTEM32\WSOCK32.dll
0x00007ffabca80000 - 0x00007ffabcaeb000 	C:\Windows\System32\WS2_32.dll
0x00007ffab8160000 - 0x00007ffab8172000 	C:\Windows\SYSTEM32\kernel.appcore.dll
0x00007ffaa8c10000 - 0x00007ffaa8c1a000 	C:\Program Files\Java\jdk-17\bin\jimage.dll
0x00007ffab2e70000 - 0x00007ffab3071000 	C:\Windows\SYSTEM32\DBGHELP.DLL
0x00007ffab2e20000 - 0x00007ffab2e54000 	C:\Windows\SYSTEM32\dbgcore.DLL
0x00007ffaba3a0000 - 0x00007ffaba422000 	C:\Windows\System32\bcryptPrimitives.dll
0x00007ffab6090000 - 0x00007ffab609e000 	C:\Program Files\Java\jdk-17\bin\instrument.dll
0x00007ffa9c120000 - 0x00007ffa9c145000 	C:\Program Files\Java\jdk-17\bin\java.dll
0x00007ffa86000000 - 0x00007ffa860d7000 	C:\Program Files\Java\jdk-17\bin\jsvml.dll
0x00007ffabb400000 - 0x00007ffabbb6e000 	C:\Windows\System32\SHELL32.dll
0x00007ffab8360000 - 0x00007ffab8b04000 	C:\Windows\SYSTEM32\windows.storage.dll
0x00007ffabaec0000 - 0x00007ffabb213000 	C:\Windows\System32\combase.dll
0x00007ffab9c70000 - 0x00007ffab9c9b000 	C:\Windows\SYSTEM32\Wldp.dll
0x00007ffabc4d0000 - 0x00007ffabc59d000 	C:\Windows\System32\OLEAUT32.dll
0x00007ffabcba0000 - 0x00007ffabcc4d000 	C:\Windows\System32\SHCORE.dll
0x00007ffabcaf0000 - 0x00007ffabcb4b000 	C:\Windows\System32\shlwapi.dll
0x00007ffaba250000 - 0x00007ffaba274000 	C:\Windows\SYSTEM32\profapi.dll
0x00007ffa9a840000 - 0x00007ffa9a858000 	C:\Program Files\Java\jdk-17\bin\zip.dll
0x00007ffa9c100000 - 0x00007ffa9c119000 	C:\Program Files\Java\jdk-17\bin\net.dll
0x00007ffab32f0000 - 0x00007ffab33fa000 	C:\Windows\SYSTEM32\WINHTTP.dll
0x00007ffab9a50000 - 0x00007ffab9aba000 	C:\Windows\system32\mswsock.dll
0x00007ffa9a860000 - 0x00007ffa9a876000 	C:\Program Files\Java\jdk-17\bin\nio.dll
0x00007ffa9a820000 - 0x00007ffa9a83a000 	C:\IntelliJ IDEA 2024.2.1\bin\breakgen64.dll
0x00007ffab9740000 - 0x00007ffab980a000 	C:\Windows\SYSTEM32\DNSAPI.dll
0x00007ffab9700000 - 0x00007ffab973b000 	C:\Windows\SYSTEM32\IPHLPAPI.DLL
0x00007ffabb220000 - 0x00007ffabb228000 	C:\Windows\System32\NSI.dll
0x00007ffab2e10000 - 0x00007ffab2e1a000 	C:\Windows\System32\rasadhlp.dll
0x00007ffab1110000 - 0x00007ffab1190000 	C:\Windows\System32\fwpuclnt.dll
0x00007ffab60b0000 - 0x00007ffab60ba000 	C:\Program Files\Java\jdk-17\bin\management.dll
0x00007ffab60a0000 - 0x00007ffab60ab000 	C:\Program Files\Java\jdk-17\bin\management_ext.dll
0x00007ffab9cb0000 - 0x00007ffab9cc8000 	C:\Windows\SYSTEM32\CRYPTSP.dll
0x00007ffab9320000 - 0x00007ffab9358000 	C:\Windows\system32\rsaenh.dll
0x00007ffaba1d0000 - 0x00007ffaba1fe000 	C:\Windows\SYSTEM32\USERENV.dll
0x00007ffab9be0000 - 0x00007ffab9bec000 	C:\Windows\SYSTEM32\CRYPTBASE.dll
0x00007ffab5450000 - 0x00007ffab5467000 	C:\Windows\SYSTEM32\dhcpcsvc6.DLL
0x00007ffab50f0000 - 0x00007ffab510d000 	C:\Windows\SYSTEM32\dhcpcsvc.DLL
0x00007ffa96470000 - 0x00007ffa96487000 	C:\Windows\system32\napinsp.dll
0x00007ffa96450000 - 0x00007ffa9646b000 	C:\Windows\system32\pnrpnsp.dll
0x00007ffab6250000 - 0x00007ffab626d000 	C:\Windows\system32\wshbth.dll
0x00007ffab5470000 - 0x00007ffab548d000 	C:\Windows\system32\NLAapi.dll
0x00007ffa96430000 - 0x00007ffa96442000 	C:\Windows\System32\winrnr.dll
0x00007ffab1e60000 - 0x00007ffab1eb1000 	C:\Windows\SYSTEM32\pdh.dll
0x00007ffab6080000 - 0x00007ffab608f000 	C:\Windows\System32\perfproc.dll
0x00007ffa93ba0000 - 0x00007ffa93baf000 	C:\Windows\System32\perfos.dll
0x00007ffaa2840000 - 0x00007ffaa284e000 	C:\Program Files\Java\jdk-17\bin\sunmscapi.dll
0x00007ffabab50000 - 0x00007ffabacad000 	C:\Windows\System32\CRYPT32.dll
0x00007ffab9dc0000 - 0x00007ffab9de7000 	C:\Windows\SYSTEM32\ncrypt.dll
0x00007ffab9d80000 - 0x00007ffab9dbb000 	C:\Windows\SYSTEM32\NTASN1.dll
0x00007ffa9f6f0000 - 0x00007ffa9f700000 	C:\Program Files\Java\jdk-17\bin\verify.dll
0x00007ffaa8ce0000 - 0x00007ffaa8ce7000 	C:\Windows\system32\wshunix.dll

dbghelp: loaded successfully - version: 4.0.5 - missing functions: none
symbol engine: initialized successfully - sym options: 0x614 - pdb path: .;C:\Program Files\Java\jdk-17\bin;C:\Windows\SYSTEM32;C:\Windows\WinSxS\amd64_microsoft.windows.common-controls_6595b64144ccf1df_6.0.19041.5915_none_60b4b9d171f9c7c7;C:\Program Files\Java\jdk-17\bin\server;C:\IntelliJ IDEA 2024.2.1\bin

VM Arguments:
jvm_args: -XX:TieredStopAtLevel=1 -Dspring.output.ansi.enabled=always -Dcom.sun.management.jmxremote -Dspring.jmx.enabled=true -Dspring.liveBeansView.mbeanDomain -Dspring.application.admin.enabled=true -Dmanagement.endpoints.jmx.exposure.include=* -javaagent:C:\IntelliJ IDEA 2024.2.1\lib\idea_rt.jar=55169:C:\IntelliJ IDEA 2024.2.1\bin -Dfile.encoding=UTF-8 
java_command: com.codewithmosh.store.StoreApplication
java_class_path (initial): C:\Users\Mega-PC\spring-api-starter\target\classes;C:\Users\Mega-PC\.m2\repository\org\springframework\boot\spring-boot-starter\3.4.1\spring-boot-starter-3.4.1.jar;C:\Users\Mega-PC\.m2\repository\org\springframework\boot\spring-boot\3.4.1\spring-boot-3.4.1.jar;C:\Users\Mega-PC\.m2\repository\org\springframework\spring-context\6.2.1\spring-context-6.2.1.jar;C:\Users\Mega-PC\.m2\repository\org\springframework\boot\spring-boot-autoconfigure\3.4.1\spring-boot-autoconfigure-3.4.1.jar;C:\Users\Mega-PC\.m2\repository\org\springframework\boot\spring-boot-starter-logging\3.4.1\spring-boot-starter-logging-3.4.1.jar;C:\Users\Mega-PC\.m2\repository\ch\qos\logback\logback-classic\1.5.12\logback-classic-1.5.12.jar;C:\Users\Mega-PC\.m2\repository\ch\qos\logback\logback-core\1.5.12\logback-core-1.5.12.jar;C:\Users\Mega-PC\.m2\repository\org\apache\logging\log4j\log4j-to-slf4j\2.24.3\log4j-to-slf4j-2.24.3.jar;C:\Users\Mega-PC\.m2\repository\org\apache\logging\log4j\log4j-api\2.24.3\log4j-api-2.24.3.jar;C:\Users\Mega-PC\.m2\repository\org\slf4j\jul-to-slf4j\2.0.16\jul-to-slf4j-2.0.16.jar;C:\Users\Mega-PC\.m2\repository\jakarta\annotation\jakarta.annotation-api\2.1.1\jakarta.annotation-api-2.1.1.jar;C:\Users\Mega-PC\.m2\repository\org\springframework\spring-core\6.2.1\spring-core-6.2.1.jar;C:\Users\Mega-PC\.m2\repository\org\springframework\spring-jcl\6.2.1\spring-jcl-6.2.1.jar;C:\Users\Mega-PC\.m2\repository\org\yaml\snakeyaml\2.3\snakeyaml-2.3.jar;C:\Users\Mega-PC\.m2\repository\org\slf4j\slf4j-api\2.0.16\slf4j-api-2.0.16.jar;C:\Users\Mega-PC\.m2\repository\jakarta\xml\bind\jakarta.xml.bind-api\4.0.2\jakarta.xml.bind-api-4.0.2.jar;C:\Users\Mega-PC\.m2\repository\jakarta\activation\jakarta.activation-api\2.1.3\jakarta.activation-api-2.1.3.jar;C:\Users\Mega-PC\.m2\repository\net\bytebuddy\byte-buddy\1.15.11\byte-buddy-1.15.11.jar;C:\Users\Mega-PC\.m2\repository\org\springframework\boot\spring-boot-starter-web\3.4.1\spring-boot-starter-web-3.4.1.jar;C:\User
Launcher Type: SUN_STANDARD

[Global flags]
     intx CICompilerCount                          = 4                                         {product} {ergonomic}
     uint ConcGCThreads                            = 2                                         {product} {ergonomic}
     uint G1ConcRefinementThreads                  = 8                                         {product} {ergonomic}
   size_t G1HeapRegionSize                         = 1048576                                   {product} {ergonomic}
    uintx GCDrainStackTargetSize                   = 64                                        {product} {ergonomic}
   size_t InitialHeapSize                          = 132120576                                 {product} {ergonomic}
     bool ManagementServer                         = true                                      {product} {command line}
   size_t MarkStackSize                            = 4194304                                   {product} {ergonomic}
   size_t MaxHeapSize                              = 2101346304                                {product} {ergonomic}
   size_t MaxNewSize                               = 1260388352                                {product} {ergonomic}
   size_t MinHeapDeltaBytes                        = 1048576                                   {product} {ergonomic}
   size_t MinHeapSize                              = 8388608                                   {product} {ergonomic}
    uintx NonProfiledCodeHeapSize                  = 0                                      {pd product} {ergonomic}
     bool ProfileInterpreter                       = false                                  {pd product} {command line}
    uintx ProfiledCodeHeapSize                     = 0                                      {pd product} {ergonomic}
   size_t SoftMaxHeapSize                          = 2101346304                             {manageable} {ergonomic}
     intx TieredStopAtLevel                        = 1                                         {product} {command line}
     bool UseCompressedClassPointers               = true                           {product lp64_product} {ergonomic}
     bool UseCompressedOops                        = true                           {product lp64_product} {ergonomic}
     bool UseG1GC                                  = true                                      {product} {ergonomic}
     bool UseLargePagesIndividualAllocation        = false                                  {pd product} {ergonomic}

Logging:
Log output configuration:
 #0: stdout all=warning uptime,level,tags
 #1: stderr all=off uptime,level,tags

Environment Variables:
PATH=C:\Program Files\Common Files\Oracle\Java\javapath;C:\oraclexe\app\oracle\product\11.2.0\server\bin;C:\Program Files (x86)\Common Files\Intel\Shared Libraries\redist\intel64\compiler;C:\Windows\system32;C:\Windows;C:\Windows\System32\Wbem;C:\Windows\System32\WindowsPowerShell\v1.0\;C:\Windows\System32\OpenSSH\;C:\Program Files (x86)\NVIDIA Corporation\PhysX\Common;C:\Program Files\NVIDIA Corporation\NVIDIA NvDLISR;C:\MinGW\bin;C:\Program Files\Apache\Maven\apache-maven-3.9.9\bin;C:\Program Files\Git\cmd;C:\Strawberry\c\bin;C:\Strawberry\perl\site\bin;C:\Strawberry\perl\bin;C:\instantclient12_2;C:\oraclexe\app\oracle\admin\XE;C:\oraclexe;C:\Program Files\nodejs\;C:\Program Files\php-8.3.7;C:\ProgramData\ComposerSetup\bin;C:\Program Files\MySQL\MySQL Server 8.0\bin;C:\Program Files\MySQL\MySQL Shell 8.0\bin\;C:\Users\Mega-PC\scoop\shims;C:\Users\Mega-PC\Desktop\Scripts\;C:\Users\Mega-PC\Desktop\;C:\Users\Mega-PC\AppData\Local\Programs\Python\Python39\Scripts\;C:\Users\Mega-PC\AppData\Local\Programs\Python\Python39\;C:\Users\Mega-PC\AppData\Local\Microsoft\WindowsApps;C:\Program Files\JetBrains\PyCharm Community Edition 2021.2.2\bin;;C:\Users\Mega-PC\CodeBlocks\MinGW\bin;C:\PyCharm 2023.2.3\bin;;C:\Users\Mega-PC\AppData\Roaming\npm;C:\Users\Mega-PC\AppData\Roaming\Composer\vendor\bin;C:\Flex Windows\gcc\bin;C:\Flex Windows\Lex\bin;C:\Flex Windows\bison\bin;C:\Users\Mega-PC\AppData\Local\Programs\Microsoft VS Code\bin
USERNAME=Mega-PC
OS=Windows_NT
PROCESSOR_IDENTIFIER=Intel64 Family 6 Model 165 Stepping 2, GenuineIntel



---------------  S Y S T E M  ---------------

OS:
 Windows 10 , 64 bit Build 19041 (10.0.19041.5915)
OS uptime: 6 days 0:31 hours
Hyper-V role detected

CPU: total 8 (initial active 8) (4 cores per cpu, 2 threads per core) family 6 model 165 stepping 2 microcode 0xe2, cx8, cmov, fxsr, ht, mmx, 3dnowpref, sse, sse2, sse3, ssse3, sse4.1, sse4.2, popcnt, lzcnt, tsc, tscinvbit, avx, avx2, aes, erms, clmul, bmi1, bmi2, adx, fma, vzeroupper, clflush, clflushopt, hv

Memory: 4k page, system-wide physical 8010M (319M free)
TotalPageFile size 16174M (AvailPageFile size 0M)
current process WorkingSet (physical memory assigned to process): 251M, peak: 251M
current process commit charge ("private bytes"): 317M, peak: 317M

vm_info: Java HotSpot(TM) 64-Bit Server VM (17.0.12+8-LTS-286) for windows-amd64 JRE (17.0.12+8-LTS-286), built on Jun  5 2024 06:46:59 by "mach5one" with MS VC++ 17.6 (VS2022)

END.
